<?xml version="1.0" encoding="UTF-8"?>
<!-- Generated by org.testng.reporters.JUnitReportReporter -->
<testsuite hostname="spinner" name="TestCenter.TestLogoutFlipKart" tests="1" failures="0" timestamp="18 May 2012 02:40:35 GMT" time="5.640" errors="0">
  <testcase name="clikLogOut" time="5.640" classname="TestCenter.TestLogoutFlipKart"/>
</testsuite> <!-- TestCenter.TestLogoutFlipKart -->
