<?xml version="1.0" encoding="UTF-8"?>
<!-- Generated by org.testng.reporters.JUnitReportReporter -->
<testsuite hostname="spinner" name="TestCenter.TestSearchFlipKart" tests="1" failures="0" timestamp="18 May 2012 00:24:28 GMT" time="25.836" errors="0">
  <testcase name="searchItem" time="25.836" classname="TestCenter.TestSearchFlipKart"/>
</testsuite> <!-- TestCenter.TestSearchFlipKart -->
