<?xml version="1.0" encoding="UTF-8"?>
<!-- Generated by org.testng.reporters.JUnitReportReporter -->
<testsuite hostname="spinner" name="TestCenter.TestCheckCartFlipKart" tests="1" failures="0" timestamp="18 May 2012 02:40:35 GMT" time="1.345" errors="0">
  <testcase name="CheckCart" time="1.345" classname="TestCenter.TestCheckCartFlipKart"/>
</testsuite> <!-- TestCenter.TestCheckCartFlipKart -->
