<?xml version="1.0" encoding="UTF-8"?>
<!-- Generated by org.testng.reporters.JUnitReportReporter -->
<testsuite hostname="spinner" name="TestCenter.TestOpenFlipKart" tests="1" failures="0" timestamp="18 May 2012 02:40:35 GMT" time="24.384" errors="0">
  <testcase name="openBrowser" time="24.384" classname="TestCenter.TestOpenFlipKart"/>
</testsuite> <!-- TestCenter.TestOpenFlipKart -->
