<?xml version="1.0" encoding="UTF-8"?>
<!-- Generated by org.testng.reporters.JUnitReportReporter -->
<testsuite hostname="spinner" name="TestCenter.TestLoginFlipKart" tests="1" failures="0" timestamp="18 May 2012 02:40:35 GMT" time="15.387" errors="0">
  <testcase name="clikLogin" time="15.387" classname="TestCenter.TestLoginFlipKart"/>
</testsuite> <!-- TestCenter.TestLoginFlipKart -->
